<?xml version="1.0" encoding="UTF-8"?>
<!-- Generated by org.testng.reporters.JUnitXMLReporter -->
<testsuite hostname="DESKTOP-KC0JV2H" ignored="0" name="Default test" tests="3" failures="0" timestamp="2020-11-28T18:10:08 IST" time="73.424" errors="0">
  <testcase name="runCreateLead" time="19.777" classname="testcases.CreateLead"/>
  <testcase name="runCreateLead" time="14.388" classname="testcases.CreateLead"/>
  <testcase name="runCreateLead" time="13.456" classname="testcases.CreateLead"/>
</testsuite> <!-- Default test -->
