<?xml version="1.0" encoding="UTF-8"?>
<testng-results skipped="0" failed="0" ignored="0" total="3" passed="3">
  <reporter-output>
  </reporter-output>
  <suite name="Default suite" duration-ms="73424" started-at="2020-11-28T18:08:54 IST" finished-at="2020-11-28T18:10:08 IST">
    <groups>
    </groups>
    <test name="Default test" duration-ms="73424" started-at="2020-11-28T18:08:54 IST" finished-at="2020-11-28T18:10:08 IST">
      <class name="testcases.CreateLead">
        <test-method status="PASS" signature="setFile()[pri:0, instance:testcases.CreateLead@1a3869f4]" name="setFile" is-config="true" duration-ms="11" started-at="2020-11-28T18:08:54 IST" finished-at="2020-11-28T18:08:54 IST">
          <reporter-output>
          </reporter-output>
        </test-method> <!-- setFile -->
        <test-method status="PASS" signature="startApp()[pri:0, instance:testcases.CreateLead@1a3869f4]" name="startApp" is-config="true" duration-ms="9526" started-at="2020-11-28T18:08:55 IST" finished-at="2020-11-28T18:09:05 IST">
          <reporter-output>
          </reporter-output>
        </test-method> <!-- startApp -->
        <test-method status="PASS" signature="runCreateLead(java.lang.String, java.lang.String, java.lang.String, java.lang.String, java.lang.String)[pri:0, instance:testcases.CreateLead@1a3869f4]" name="runCreateLead" duration-ms="19777" started-at="2020-11-28T18:09:05 IST" data-provider="fetchData" finished-at="2020-11-28T18:09:25 IST">
          <params>
            <param index="0">
              <value>
                <![CDATA[demosalesmanager]]>
              </value>
            </param>
            <param index="1">
              <value>
                <![CDATA[crmsfa]]>
              </value>
            </param>
            <param index="2">
              <value>
                <![CDATA[Hermatic]]>
              </value>
            </param>
            <param index="3">
              <value>
                <![CDATA[jaya]]>
              </value>
            </param>
            <param index="4">
              <value>
                <![CDATA[prakash]]>
              </value>
            </param>
          </params>
          <reporter-output>
          </reporter-output>
        </test-method> <!-- runCreateLead -->
        <test-method status="PASS" signature="closeApp()[pri:0, instance:testcases.CreateLead@1a3869f4]" name="closeApp" is-config="true" duration-ms="66" started-at="2020-11-28T18:09:25 IST" finished-at="2020-11-28T18:09:25 IST">
          <reporter-output>
          </reporter-output>
        </test-method> <!-- closeApp -->
        <test-method status="PASS" signature="startApp()[pri:0, instance:testcases.CreateLead@1a3869f4]" name="startApp" is-config="true" duration-ms="8051" started-at="2020-11-28T18:09:25 IST" finished-at="2020-11-28T18:09:33 IST">
          <reporter-output>
          </reporter-output>
        </test-method> <!-- startApp -->
        <test-method status="PASS" signature="runCreateLead(java.lang.String, java.lang.String, java.lang.String, java.lang.String, java.lang.String)[pri:0, instance:testcases.CreateLead@1a3869f4]" name="runCreateLead" duration-ms="14388" started-at="2020-11-28T18:09:33 IST" data-provider="fetchData" finished-at="2020-11-28T18:09:47 IST">
          <params>
            <param index="0">
              <value>
                <![CDATA[demosalesmanager]]>
              </value>
            </param>
            <param index="1">
              <value>
                <![CDATA[crmsfa]]>
              </value>
            </param>
            <param index="2">
              <value>
                <![CDATA[Vernalis]]>
              </value>
            </param>
            <param index="3">
              <value>
                <![CDATA[Jp]]>
              </value>
            </param>
            <param index="4">
              <value>
                <![CDATA[Devaraj]]>
              </value>
            </param>
          </params>
          <reporter-output>
          </reporter-output>
        </test-method> <!-- runCreateLead -->
        <test-method status="PASS" signature="closeApp()[pri:0, instance:testcases.CreateLead@1a3869f4]" name="closeApp" is-config="true" duration-ms="53" started-at="2020-11-28T18:09:47 IST" finished-at="2020-11-28T18:09:47 IST">
          <reporter-output>
          </reporter-output>
        </test-method> <!-- closeApp -->
        <test-method status="PASS" signature="startApp()[pri:0, instance:testcases.CreateLead@1a3869f4]" name="startApp" is-config="true" duration-ms="6931" started-at="2020-11-28T18:09:47 IST" finished-at="2020-11-28T18:09:54 IST">
          <reporter-output>
          </reporter-output>
        </test-method> <!-- startApp -->
        <test-method status="PASS" signature="runCreateLead(java.lang.String, java.lang.String, java.lang.String, java.lang.String, java.lang.String)[pri:0, instance:testcases.CreateLead@1a3869f4]" name="runCreateLead" duration-ms="13456" started-at="2020-11-28T18:09:54 IST" data-provider="fetchData" finished-at="2020-11-28T18:10:07 IST">
          <params>
            <param index="0">
              <value>
                <![CDATA[demosalesmanager]]>
              </value>
            </param>
            <param index="1">
              <value>
                <![CDATA[crmsfa]]>
              </value>
            </param>
            <param index="2">
              <value>
                <![CDATA[Exela]]>
              </value>
            </param>
            <param index="3">
              <value>
                <![CDATA[Jayaprakash ]]>
              </value>
            </param>
            <param index="4">
              <value>
                <![CDATA[Jayaprakash 1]]>
              </value>
            </param>
          </params>
          <reporter-output>
          </reporter-output>
        </test-method> <!-- runCreateLead -->
        <test-method status="PASS" signature="closeApp()[pri:0, instance:testcases.CreateLead@1a3869f4]" name="closeApp" is-config="true" duration-ms="69" started-at="2020-11-28T18:10:07 IST" finished-at="2020-11-28T18:10:08 IST">
          <reporter-output>
          </reporter-output>
        </test-method> <!-- closeApp -->
      </class> <!-- testcases.CreateLead -->
    </test> <!-- Default test -->
  </suite> <!-- Default suite -->
</testng-results>
