<?xml version="1.0" encoding="UTF-8"?>
<testng-results skipped="0" failed="0" ignored="0" total="1" passed="1">
  <reporter-output>
  </reporter-output>
  <suite name="Default suite" duration-ms="8967" started-at="2020-11-29T17:18:22 IST" finished-at="2020-11-29T17:18:31 IST">
    <groups>
    </groups>
    <test name="Default test" duration-ms="8967" started-at="2020-11-29T17:18:22 IST" finished-at="2020-11-29T17:18:31 IST">
      <class name="testcases.LoginAndLogoutPageFactory">
        <test-method status="PASS" signature="startApp()[pri:0, instance:testcases.LoginAndLogoutPageFactory@77ec78b9]" name="startApp" is-config="true" duration-ms="7851" started-at="2020-11-29T17:18:22 IST" finished-at="2020-11-29T17:18:30 IST">
          <reporter-output>
          </reporter-output>
        </test-method> <!-- startApp -->
        <test-method status="PASS" signature="loginAndLogout()[pri:0, instance:testcases.LoginAndLogoutPageFactory@77ec78b9]" name="loginAndLogout" duration-ms="1030" started-at="2020-11-29T17:18:30 IST" finished-at="2020-11-29T17:18:31 IST">
          <reporter-output>
          </reporter-output>
        </test-method> <!-- loginAndLogout -->
        <test-method status="PASS" signature="closeApp()[pri:0, instance:testcases.LoginAndLogoutPageFactory@77ec78b9]" name="closeApp" is-config="true" duration-ms="52" started-at="2020-11-29T17:18:31 IST" finished-at="2020-11-29T17:18:31 IST">
          <reporter-output>
          </reporter-output>
        </test-method> <!-- closeApp -->
      </class> <!-- testcases.LoginAndLogoutPageFactory -->
    </test> <!-- Default test -->
  </suite> <!-- Default suite -->
</testng-results>
